<?xml version="1.0" encoding="UTF-8"?>
<testsuite xmlns:xsi="http://www.w3.org/2001/XMLSchema-instance" xsi:noNamespaceSchemaLocation="https://maven.apache.org/surefire/maven-surefire-plugin/xsd/surefire-test-report.xsd" name="testRunner.TestRunner" time="85.875" tests="7" errors="2" skipped="0" failures="0">
  <properties>
    <property name="java.specification.version" value="17"/>
    <property name="sun.jnu.encoding" value="UTF-8"/>
    <property name="java.class.path" value="/Users/saritayadav/eclipse-workspace/SogetiAssignment/target/test-classes:/Users/saritayadav/eclipse-workspace/SogetiAssignment/target/classes:/Users/saritayadav/.m2/repository/junit/junit/4.13/junit-4.13.jar:/Users/saritayadav/.m2/repository/org/hamcrest/hamcrest-core/1.3/hamcrest-core-1.3.jar:/Users/saritayadav/.m2/repository/org/seleniumhq/selenium/selenium-java/4.19.1/selenium-java-4.19.1.jar:/Users/saritayadav/.m2/repository/org/seleniumhq/selenium/selenium-api/4.19.1/selenium-api-4.19.1.jar:/Users/saritayadav/.m2/repository/org/seleniumhq/selenium/selenium-chrome-driver/4.19.1/selenium-chrome-driver-4.19.1.jar:/Users/saritayadav/.m2/repository/com/google/auto/service/auto-service-annotations/1.1.1/auto-service-annotations-1.1.1.jar:/Users/saritayadav/.m2/repository/org/seleniumhq/selenium/selenium-chromium-driver/4.19.1/selenium-chromium-driver-4.19.1.jar:/Users/saritayadav/.m2/repository/org/seleniumhq/selenium/selenium-json/4.19.1/selenium-json-4.19.1.jar:/Users/saritayadav/.m2/repository/org/seleniumhq/selenium/selenium-manager/4.19.1/selenium-manager-4.19.1.jar:/Users/saritayadav/.m2/repository/org/seleniumhq/selenium/selenium-devtools-v121/4.19.1/selenium-devtools-v121-4.19.1.jar:/Users/saritayadav/.m2/repository/org/seleniumhq/selenium/selenium-devtools-v122/4.19.1/selenium-devtools-v122-4.19.1.jar:/Users/saritayadav/.m2/repository/org/seleniumhq/selenium/selenium-devtools-v123/4.19.1/selenium-devtools-v123-4.19.1.jar:/Users/saritayadav/.m2/repository/org/seleniumhq/selenium/selenium-devtools-v85/4.19.1/selenium-devtools-v85-4.19.1.jar:/Users/saritayadav/.m2/repository/org/seleniumhq/selenium/selenium-edge-driver/4.19.1/selenium-edge-driver-4.19.1.jar:/Users/saritayadav/.m2/repository/org/seleniumhq/selenium/selenium-firefox-driver/4.19.1/selenium-firefox-driver-4.19.1.jar:/Users/saritayadav/.m2/repository/org/seleniumhq/selenium/selenium-http/4.19.1/selenium-http-4.19.1.jar:/Users/saritayadav/.m2/repository/dev/failsafe/failsafe/3.3.2/failsafe-3.3.2.jar:/Users/saritayadav/.m2/repository/org/seleniumhq/selenium/selenium-ie-driver/4.19.1/selenium-ie-driver-4.19.1.jar:/Users/saritayadav/.m2/repository/org/seleniumhq/selenium/selenium-remote-driver/4.19.1/selenium-remote-driver-4.19.1.jar:/Users/saritayadav/.m2/repository/com/google/guava/guava/33.1.0-jre/guava-33.1.0-jre.jar:/Users/saritayadav/.m2/repository/com/google/guava/failureaccess/1.0.2/failureaccess-1.0.2.jar:/Users/saritayadav/.m2/repository/com/google/guava/listenablefuture/9999.0-empty-to-avoid-conflict-with-guava/listenablefuture-9999.0-empty-to-avoid-conflict-with-guava.jar:/Users/saritayadav/.m2/repository/com/google/code/findbugs/jsr305/3.0.2/jsr305-3.0.2.jar:/Users/saritayadav/.m2/repository/org/checkerframework/checker-qual/3.42.0/checker-qual-3.42.0.jar:/Users/saritayadav/.m2/repository/com/google/errorprone/error_prone_annotations/2.26.1/error_prone_annotations-2.26.1.jar:/Users/saritayadav/.m2/repository/com/google/j2objc/j2objc-annotations/3.0.0/j2objc-annotations-3.0.0.jar:/Users/saritayadav/.m2/repository/io/opentelemetry/semconv/opentelemetry-semconv/1.23.1-alpha/opentelemetry-semconv-1.23.1-alpha.jar:/Users/saritayadav/.m2/repository/io/opentelemetry/opentelemetry-api/1.36.0/opentelemetry-api-1.36.0.jar:/Users/saritayadav/.m2/repository/io/opentelemetry/opentelemetry-context/1.36.0/opentelemetry-context-1.36.0.jar:/Users/saritayadav/.m2/repository/io/opentelemetry/opentelemetry-exporter-logging/1.36.0/opentelemetry-exporter-logging-1.36.0.jar:/Users/saritayadav/.m2/repository/io/opentelemetry/opentelemetry-sdk-common/1.36.0/opentelemetry-sdk-common-1.36.0.jar:/Users/saritayadav/.m2/repository/io/opentelemetry/opentelemetry-sdk-extension-autoconfigure-spi/1.36.0/opentelemetry-sdk-extension-autoconfigure-spi-1.36.0.jar:/Users/saritayadav/.m2/repository/io/opentelemetry/opentelemetry-sdk-extension-autoconfigure/1.36.0/opentelemetry-sdk-extension-autoconfigure-1.36.0.jar:/Users/saritayadav/.m2/repository/io/opentelemetry/opentelemetry-api-events/1.36.0-alpha/opentelemetry-api-events-1.36.0-alpha.jar:/Users/saritayadav/.m2/repository/io/opentelemetry/opentelemetry-sdk-trace/1.36.0/opentelemetry-sdk-trace-1.36.0.jar:/Users/saritayadav/.m2/repository/io/opentelemetry/opentelemetry-extension-incubator/1.36.0-alpha/opentelemetry-extension-incubator-1.36.0-alpha.jar:/Users/saritayadav/.m2/repository/io/opentelemetry/opentelemetry-sdk/1.36.0/opentelemetry-sdk-1.36.0.jar:/Users/saritayadav/.m2/repository/io/opentelemetry/opentelemetry-sdk-metrics/1.36.0/opentelemetry-sdk-metrics-1.36.0.jar:/Users/saritayadav/.m2/repository/io/opentelemetry/opentelemetry-sdk-logs/1.36.0/opentelemetry-sdk-logs-1.36.0.jar:/Users/saritayadav/.m2/repository/net/bytebuddy/byte-buddy/1.14.12/byte-buddy-1.14.12.jar:/Users/saritayadav/.m2/repository/org/seleniumhq/selenium/selenium-os/4.19.1/selenium-os-4.19.1.jar:/Users/saritayadav/.m2/repository/org/apache/commons/commons-exec/1.3/commons-exec-1.3.jar:/Users/saritayadav/.m2/repository/org/seleniumhq/selenium/selenium-safari-driver/4.19.1/selenium-safari-driver-4.19.1.jar:/Users/saritayadav/.m2/repository/org/seleniumhq/selenium/selenium-support/4.19.1/selenium-support-4.19.1.jar:/Users/saritayadav/.m2/repository/log4j/log4j/1.2.17/log4j-1.2.17.jar:/Users/saritayadav/.m2/repository/io/cucumber/cucumber-junit/7.16.1/cucumber-junit-7.16.1.jar:/Users/saritayadav/.m2/repository/org/apiguardian/apiguardian-api/1.1.2/apiguardian-api-1.1.2.jar:/Users/saritayadav/.m2/repository/io/cucumber/cucumber-core/7.16.1/cucumber-core-7.16.1.jar:/Users/saritayadav/.m2/repository/io/cucumber/cucumber-gherkin/7.16.1/cucumber-gherkin-7.16.1.jar:/Users/saritayadav/.m2/repository/io/cucumber/cucumber-gherkin-messages/7.16.1/cucumber-gherkin-messages-7.16.1.jar:/Users/saritayadav/.m2/repository/io/cucumber/tag-expressions/6.1.0/tag-expressions-6.1.0.jar:/Users/saritayadav/.m2/repository/io/cucumber/cucumber-expressions/17.1.0/cucumber-expressions-17.1.0.jar:/Users/saritayadav/.m2/repository/io/cucumber/datatable/7.16.1/datatable-7.16.1.jar:/Users/saritayadav/.m2/repository/io/cucumber/cucumber-plugin/7.16.1/cucumber-plugin-7.16.1.jar:/Users/saritayadav/.m2/repository/io/cucumber/docstring/7.16.1/docstring-7.16.1.jar:/Users/saritayadav/.m2/repository/io/cucumber/html-formatter/21.3.0/html-formatter-21.3.0.jar:/Users/saritayadav/.m2/repository/io/cucumber/junit-xml-formatter/0.3.0/junit-xml-formatter-0.3.0.jar:/Users/saritayadav/.m2/repository/io/cucumber/ci-environment/10.0.1/ci-environment-10.0.1.jar:/Users/saritayadav/.m2/repository/io/cucumber/cucumber-java/7.16.1/cucumber-java-7.16.1.jar:/Users/saritayadav/.m2/repository/io/cucumber/cucumber-html/0.2.7/cucumber-html-0.2.7.jar:/Users/saritayadav/.m2/repository/io/cucumber/gherkin/28.0.0/gherkin-28.0.0.jar:/Users/saritayadav/.m2/repository/io/cucumber/messages/24.1.0/messages-24.1.0.jar:/Users/saritayadav/.m2/repository/io/cucumber/cucumber-jvm-deps/1.0.6/cucumber-jvm-deps-1.0.6.jar:/Users/saritayadav/.m2/repository/tech/grasshopper/extentreports-cucumber7-adapter/1.14.0/extentreports-cucumber7-adapter-1.14.0.jar:/Users/saritayadav/.m2/repository/com/aventstack/extentreports/5.1.0/extentreports-5.1.0.jar:/Users/saritayadav/.m2/repository/io/reactivex/rxjava3/rxjava/3.1.6/rxjava-3.1.6.jar:/Users/saritayadav/.m2/repository/org/reactivestreams/reactive-streams/1.0.4/reactive-streams-1.0.4.jar:/Users/saritayadav/.m2/repository/org/freemarker/freemarker/2.3.32/freemarker-2.3.32.jar:/Users/saritayadav/.m2/repository/org/projectlombok/lombok/1.18.26/lombok-1.18.26.jar:/Users/saritayadav/.m2/repository/tech/grasshopper/extent-pdf-report/2.12.0/extent-pdf-report-2.12.0.jar:/Users/saritayadav/.m2/repository/tech/grasshopper/cucumber-pdf-report/2.14.0/cucumber-pdf-report-2.14.0.jar:/Users/saritayadav/.m2/repository/org/apache/pdfbox/pdfbox/2.0.26/pdfbox-2.0.26.jar:/Users/saritayadav/.m2/repository/org/apache/pdfbox/fontbox/2.0.26/fontbox-2.0.26.jar:/Users/saritayadav/.m2/repository/org/knowm/xchart/xchart/3.8.0/xchart-3.8.0.jar:/Users/saritayadav/.m2/repository/de/erichseifert/vectorgraphics2d/VectorGraphics2D/0.13/VectorGraphics2D-0.13.jar:/Users/saritayadav/.m2/repository/de/rototor/pdfbox/graphics2d/0.30/graphics2d-0.30.jar:/Users/saritayadav/.m2/repository/com/madgag/animated-gif-lib/1.4/animated-gif-lib-1.4.jar:/Users/saritayadav/.m2/repository/org/yaml/snakeyaml/2.0/snakeyaml-2.0.jar:/Users/saritayadav/.m2/repository/tech/grasshopper/table-layout/1.5.1/table-layout-1.5.1.jar:/Users/saritayadav/.m2/repository/tech/grasshopper/rest-assured-cucumber-pdf-report/1.5.0/rest-assured-cucumber-pdf-report-1.5.0.jar:/Users/saritayadav/.m2/repository/org/jsoup/jsoup/1.15.3/jsoup-1.15.3.jar:/Users/saritayadav/.m2/repository/com/aventstack/klov-reporter/5.1.0/klov-reporter-5.1.0.jar:/Users/saritayadav/.m2/repository/org/mongodb/mongodb-driver/3.6.4/mongodb-driver-3.6.4.jar:/Users/saritayadav/.m2/repository/org/mongodb/mongodb-driver-core/3.6.4/mongodb-driver-core-3.6.4.jar:/Users/saritayadav/.m2/repository/org/mongodb/bson/3.6.4/bson-3.6.4.jar:/Users/saritayadav/.m2/repository/tech/grasshopper/htmlextentreporter/1.1.0/htmlextentreporter-1.1.0.jar:/Users/saritayadav/.m2/repository/tech/grasshopper/extent-excel-report/1.4.0/extent-excel-report-1.4.0.jar:/Users/saritayadav/.m2/repository/org/apache/poi/poi/5.2.3/poi-5.2.3.jar:/Users/saritayadav/.m2/repository/org/apache/commons/commons-collections4/4.4/commons-collections4-4.4.jar:/Users/saritayadav/.m2/repository/org/apache/commons/commons-math3/3.6.1/commons-math3-3.6.1.jar:/Users/saritayadav/.m2/repository/commons-io/commons-io/2.11.0/commons-io-2.11.0.jar:/Users/saritayadav/.m2/repository/com/zaxxer/SparseBitSet/1.2/SparseBitSet-1.2.jar:/Users/saritayadav/.m2/repository/org/apache/logging/log4j/log4j-api/2.18.0/log4j-api-2.18.0.jar:/Users/saritayadav/.m2/repository/org/apache/poi/poi-ooxml/5.2.3/poi-ooxml-5.2.3.jar:/Users/saritayadav/.m2/repository/org/apache/poi/poi-ooxml-lite/5.2.3/poi-ooxml-lite-5.2.3.jar:/Users/saritayadav/.m2/repository/org/apache/xmlbeans/xmlbeans/5.1.1/xmlbeans-5.1.1.jar:/Users/saritayadav/.m2/repository/org/apache/commons/commons-compress/1.21/commons-compress-1.21.jar:/Users/saritayadav/.m2/repository/com/github/virtuald/curvesapi/1.07/curvesapi-1.07.jar:/Users/saritayadav/.m2/repository/io/rest-assured/rest-assured/5.4.0/rest-assured-5.4.0.jar:/Users/saritayadav/.m2/repository/org/apache/groovy/groovy/4.0.16/groovy-4.0.16.jar:/Users/saritayadav/.m2/repository/org/apache/groovy/groovy-xml/4.0.16/groovy-xml-4.0.16.jar:/Users/saritayadav/.m2/repository/org/apache/httpcomponents/httpclient/4.5.13/httpclient-4.5.13.jar:/Users/saritayadav/.m2/repository/org/apache/httpcomponents/httpcore/4.4.13/httpcore-4.4.13.jar:/Users/saritayadav/.m2/repository/commons-logging/commons-logging/1.2/commons-logging-1.2.jar:/Users/saritayadav/.m2/repository/commons-codec/commons-codec/1.11/commons-codec-1.11.jar:/Users/saritayadav/.m2/repository/org/apache/httpcomponents/httpmime/4.5.13/httpmime-4.5.13.jar:/Users/saritayadav/.m2/repository/org/hamcrest/hamcrest/2.2/hamcrest-2.2.jar:/Users/saritayadav/.m2/repository/org/ccil/cowan/tagsoup/tagsoup/1.2.1/tagsoup-1.2.1.jar:/Users/saritayadav/.m2/repository/io/rest-assured/json-path/5.4.0/json-path-5.4.0.jar:/Users/saritayadav/.m2/repository/org/apache/groovy/groovy-json/4.0.16/groovy-json-4.0.16.jar:/Users/saritayadav/.m2/repository/io/rest-assured/rest-assured-common/5.4.0/rest-assured-common-5.4.0.jar:/Users/saritayadav/.m2/repository/io/rest-assured/xml-path/5.4.0/xml-path-5.4.0.jar:/Users/saritayadav/.m2/repository/org/apache/commons/commons-lang3/3.11/commons-lang3-3.11.jar:/Users/saritayadav/.m2/repository/com/google/code/gson/gson/2.10.1/gson-2.10.1.jar:"/>
    <property name="java.vm.vendor" value="Eclipse Adoptium"/>
    <property name="sun.arch.data.model" value="64"/>
    <property name="java.vendor.url" value="https://adoptium.net/"/>
    <property name="os.name" value="Mac OS X"/>
    <property name="java.vm.specification.version" value="17"/>
    <property name="sun.java.launcher" value="SUN_STANDARD"/>
    <property name="user.country" value="IN"/>
    <property name="sun.boot.library.path" value="/Users/saritayadav/.p2/pool/plugins/org.eclipse.justj.openjdk.hotspot.jre.full.macosx.x86_64_17.0.10.v20240120-1143/jre/lib"/>
    <property name="sun.java.command" value="/Users/saritayadav/eclipse-workspace/SogetiAssignment/target/surefire/surefirebooter6117843669977616710.jar /Users/saritayadav/eclipse-workspace/SogetiAssignment/target/surefire 2024-04-17T00-19-36_044-jvmRun1 surefire1896593166724469850tmp surefire_07837585900111407842tmp"/>
    <property name="http.nonProxyHosts" value="local|*.local|169.254/16|*.169.254/16"/>
    <property name="jdk.debug" value="release"/>
    <property name="surefire.test.class.path" value="/Users/saritayadav/eclipse-workspace/SogetiAssignment/target/test-classes:/Users/saritayadav/eclipse-workspace/SogetiAssignment/target/classes:/Users/saritayadav/.m2/repository/junit/junit/4.13/junit-4.13.jar:/Users/saritayadav/.m2/repository/org/hamcrest/hamcrest-core/1.3/hamcrest-core-1.3.jar:/Users/saritayadav/.m2/repository/org/seleniumhq/selenium/selenium-java/4.19.1/selenium-java-4.19.1.jar:/Users/saritayadav/.m2/repository/org/seleniumhq/selenium/selenium-api/4.19.1/selenium-api-4.19.1.jar:/Users/saritayadav/.m2/repository/org/seleniumhq/selenium/selenium-chrome-driver/4.19.1/selenium-chrome-driver-4.19.1.jar:/Users/saritayadav/.m2/repository/com/google/auto/service/auto-service-annotations/1.1.1/auto-service-annotations-1.1.1.jar:/Users/saritayadav/.m2/repository/org/seleniumhq/selenium/selenium-chromium-driver/4.19.1/selenium-chromium-driver-4.19.1.jar:/Users/saritayadav/.m2/repository/org/seleniumhq/selenium/selenium-json/4.19.1/selenium-json-4.19.1.jar:/Users/saritayadav/.m2/repository/org/seleniumhq/selenium/selenium-manager/4.19.1/selenium-manager-4.19.1.jar:/Users/saritayadav/.m2/repository/org/seleniumhq/selenium/selenium-devtools-v121/4.19.1/selenium-devtools-v121-4.19.1.jar:/Users/saritayadav/.m2/repository/org/seleniumhq/selenium/selenium-devtools-v122/4.19.1/selenium-devtools-v122-4.19.1.jar:/Users/saritayadav/.m2/repository/org/seleniumhq/selenium/selenium-devtools-v123/4.19.1/selenium-devtools-v123-4.19.1.jar:/Users/saritayadav/.m2/repository/org/seleniumhq/selenium/selenium-devtools-v85/4.19.1/selenium-devtools-v85-4.19.1.jar:/Users/saritayadav/.m2/repository/org/seleniumhq/selenium/selenium-edge-driver/4.19.1/selenium-edge-driver-4.19.1.jar:/Users/saritayadav/.m2/repository/org/seleniumhq/selenium/selenium-firefox-driver/4.19.1/selenium-firefox-driver-4.19.1.jar:/Users/saritayadav/.m2/repository/org/seleniumhq/selenium/selenium-http/4.19.1/selenium-http-4.19.1.jar:/Users/saritayadav/.m2/repository/dev/failsafe/failsafe/3.3.2/failsafe-3.3.2.jar:/Users/saritayadav/.m2/repository/org/seleniumhq/selenium/selenium-ie-driver/4.19.1/selenium-ie-driver-4.19.1.jar:/Users/saritayadav/.m2/repository/org/seleniumhq/selenium/selenium-remote-driver/4.19.1/selenium-remote-driver-4.19.1.jar:/Users/saritayadav/.m2/repository/com/google/guava/guava/33.1.0-jre/guava-33.1.0-jre.jar:/Users/saritayadav/.m2/repository/com/google/guava/failureaccess/1.0.2/failureaccess-1.0.2.jar:/Users/saritayadav/.m2/repository/com/google/guava/listenablefuture/9999.0-empty-to-avoid-conflict-with-guava/listenablefuture-9999.0-empty-to-avoid-conflict-with-guava.jar:/Users/saritayadav/.m2/repository/com/google/code/findbugs/jsr305/3.0.2/jsr305-3.0.2.jar:/Users/saritayadav/.m2/repository/org/checkerframework/checker-qual/3.42.0/checker-qual-3.42.0.jar:/Users/saritayadav/.m2/repository/com/google/errorprone/error_prone_annotations/2.26.1/error_prone_annotations-2.26.1.jar:/Users/saritayadav/.m2/repository/com/google/j2objc/j2objc-annotations/3.0.0/j2objc-annotations-3.0.0.jar:/Users/saritayadav/.m2/repository/io/opentelemetry/semconv/opentelemetry-semconv/1.23.1-alpha/opentelemetry-semconv-1.23.1-alpha.jar:/Users/saritayadav/.m2/repository/io/opentelemetry/opentelemetry-api/1.36.0/opentelemetry-api-1.36.0.jar:/Users/saritayadav/.m2/repository/io/opentelemetry/opentelemetry-context/1.36.0/opentelemetry-context-1.36.0.jar:/Users/saritayadav/.m2/repository/io/opentelemetry/opentelemetry-exporter-logging/1.36.0/opentelemetry-exporter-logging-1.36.0.jar:/Users/saritayadav/.m2/repository/io/opentelemetry/opentelemetry-sdk-common/1.36.0/opentelemetry-sdk-common-1.36.0.jar:/Users/saritayadav/.m2/repository/io/opentelemetry/opentelemetry-sdk-extension-autoconfigure-spi/1.36.0/opentelemetry-sdk-extension-autoconfigure-spi-1.36.0.jar:/Users/saritayadav/.m2/repository/io/opentelemetry/opentelemetry-sdk-extension-autoconfigure/1.36.0/opentelemetry-sdk-extension-autoconfigure-1.36.0.jar:/Users/saritayadav/.m2/repository/io/opentelemetry/opentelemetry-api-events/1.36.0-alpha/opentelemetry-api-events-1.36.0-alpha.jar:/Users/saritayadav/.m2/repository/io/opentelemetry/opentelemetry-sdk-trace/1.36.0/opentelemetry-sdk-trace-1.36.0.jar:/Users/saritayadav/.m2/repository/io/opentelemetry/opentelemetry-extension-incubator/1.36.0-alpha/opentelemetry-extension-incubator-1.36.0-alpha.jar:/Users/saritayadav/.m2/repository/io/opentelemetry/opentelemetry-sdk/1.36.0/opentelemetry-sdk-1.36.0.jar:/Users/saritayadav/.m2/repository/io/opentelemetry/opentelemetry-sdk-metrics/1.36.0/opentelemetry-sdk-metrics-1.36.0.jar:/Users/saritayadav/.m2/repository/io/opentelemetry/opentelemetry-sdk-logs/1.36.0/opentelemetry-sdk-logs-1.36.0.jar:/Users/saritayadav/.m2/repository/net/bytebuddy/byte-buddy/1.14.12/byte-buddy-1.14.12.jar:/Users/saritayadav/.m2/repository/org/seleniumhq/selenium/selenium-os/4.19.1/selenium-os-4.19.1.jar:/Users/saritayadav/.m2/repository/org/apache/commons/commons-exec/1.3/commons-exec-1.3.jar:/Users/saritayadav/.m2/repository/org/seleniumhq/selenium/selenium-safari-driver/4.19.1/selenium-safari-driver-4.19.1.jar:/Users/saritayadav/.m2/repository/org/seleniumhq/selenium/selenium-support/4.19.1/selenium-support-4.19.1.jar:/Users/saritayadav/.m2/repository/log4j/log4j/1.2.17/log4j-1.2.17.jar:/Users/saritayadav/.m2/repository/io/cucumber/cucumber-junit/7.16.1/cucumber-junit-7.16.1.jar:/Users/saritayadav/.m2/repository/org/apiguardian/apiguardian-api/1.1.2/apiguardian-api-1.1.2.jar:/Users/saritayadav/.m2/repository/io/cucumber/cucumber-core/7.16.1/cucumber-core-7.16.1.jar:/Users/saritayadav/.m2/repository/io/cucumber/cucumber-gherkin/7.16.1/cucumber-gherkin-7.16.1.jar:/Users/saritayadav/.m2/repository/io/cucumber/cucumber-gherkin-messages/7.16.1/cucumber-gherkin-messages-7.16.1.jar:/Users/saritayadav/.m2/repository/io/cucumber/tag-expressions/6.1.0/tag-expressions-6.1.0.jar:/Users/saritayadav/.m2/repository/io/cucumber/cucumber-expressions/17.1.0/cucumber-expressions-17.1.0.jar:/Users/saritayadav/.m2/repository/io/cucumber/datatable/7.16.1/datatable-7.16.1.jar:/Users/saritayadav/.m2/repository/io/cucumber/cucumber-plugin/7.16.1/cucumber-plugin-7.16.1.jar:/Users/saritayadav/.m2/repository/io/cucumber/docstring/7.16.1/docstring-7.16.1.jar:/Users/saritayadav/.m2/repository/io/cucumber/html-formatter/21.3.0/html-formatter-21.3.0.jar:/Users/saritayadav/.m2/repository/io/cucumber/junit-xml-formatter/0.3.0/junit-xml-formatter-0.3.0.jar:/Users/saritayadav/.m2/repository/io/cucumber/ci-environment/10.0.1/ci-environment-10.0.1.jar:/Users/saritayadav/.m2/repository/io/cucumber/cucumber-java/7.16.1/cucumber-java-7.16.1.jar:/Users/saritayadav/.m2/repository/io/cucumber/cucumber-html/0.2.7/cucumber-html-0.2.7.jar:/Users/saritayadav/.m2/repository/io/cucumber/gherkin/28.0.0/gherkin-28.0.0.jar:/Users/saritayadav/.m2/repository/io/cucumber/messages/24.1.0/messages-24.1.0.jar:/Users/saritayadav/.m2/repository/io/cucumber/cucumber-jvm-deps/1.0.6/cucumber-jvm-deps-1.0.6.jar:/Users/saritayadav/.m2/repository/tech/grasshopper/extentreports-cucumber7-adapter/1.14.0/extentreports-cucumber7-adapter-1.14.0.jar:/Users/saritayadav/.m2/repository/com/aventstack/extentreports/5.1.0/extentreports-5.1.0.jar:/Users/saritayadav/.m2/repository/io/reactivex/rxjava3/rxjava/3.1.6/rxjava-3.1.6.jar:/Users/saritayadav/.m2/repository/org/reactivestreams/reactive-streams/1.0.4/reactive-streams-1.0.4.jar:/Users/saritayadav/.m2/repository/org/freemarker/freemarker/2.3.32/freemarker-2.3.32.jar:/Users/saritayadav/.m2/repository/org/projectlombok/lombok/1.18.26/lombok-1.18.26.jar:/Users/saritayadav/.m2/repository/tech/grasshopper/extent-pdf-report/2.12.0/extent-pdf-report-2.12.0.jar:/Users/saritayadav/.m2/repository/tech/grasshopper/cucumber-pdf-report/2.14.0/cucumber-pdf-report-2.14.0.jar:/Users/saritayadav/.m2/repository/org/apache/pdfbox/pdfbox/2.0.26/pdfbox-2.0.26.jar:/Users/saritayadav/.m2/repository/org/apache/pdfbox/fontbox/2.0.26/fontbox-2.0.26.jar:/Users/saritayadav/.m2/repository/org/knowm/xchart/xchart/3.8.0/xchart-3.8.0.jar:/Users/saritayadav/.m2/repository/de/erichseifert/vectorgraphics2d/VectorGraphics2D/0.13/VectorGraphics2D-0.13.jar:/Users/saritayadav/.m2/repository/de/rototor/pdfbox/graphics2d/0.30/graphics2d-0.30.jar:/Users/saritayadav/.m2/repository/com/madgag/animated-gif-lib/1.4/animated-gif-lib-1.4.jar:/Users/saritayadav/.m2/repository/org/yaml/snakeyaml/2.0/snakeyaml-2.0.jar:/Users/saritayadav/.m2/repository/tech/grasshopper/table-layout/1.5.1/table-layout-1.5.1.jar:/Users/saritayadav/.m2/repository/tech/grasshopper/rest-assured-cucumber-pdf-report/1.5.0/rest-assured-cucumber-pdf-report-1.5.0.jar:/Users/saritayadav/.m2/repository/org/jsoup/jsoup/1.15.3/jsoup-1.15.3.jar:/Users/saritayadav/.m2/repository/com/aventstack/klov-reporter/5.1.0/klov-reporter-5.1.0.jar:/Users/saritayadav/.m2/repository/org/mongodb/mongodb-driver/3.6.4/mongodb-driver-3.6.4.jar:/Users/saritayadav/.m2/repository/org/mongodb/mongodb-driver-core/3.6.4/mongodb-driver-core-3.6.4.jar:/Users/saritayadav/.m2/repository/org/mongodb/bson/3.6.4/bson-3.6.4.jar:/Users/saritayadav/.m2/repository/tech/grasshopper/htmlextentreporter/1.1.0/htmlextentreporter-1.1.0.jar:/Users/saritayadav/.m2/repository/tech/grasshopper/extent-excel-report/1.4.0/extent-excel-report-1.4.0.jar:/Users/saritayadav/.m2/repository/org/apache/poi/poi/5.2.3/poi-5.2.3.jar:/Users/saritayadav/.m2/repository/org/apache/commons/commons-collections4/4.4/commons-collections4-4.4.jar:/Users/saritayadav/.m2/repository/org/apache/commons/commons-math3/3.6.1/commons-math3-3.6.1.jar:/Users/saritayadav/.m2/repository/commons-io/commons-io/2.11.0/commons-io-2.11.0.jar:/Users/saritayadav/.m2/repository/com/zaxxer/SparseBitSet/1.2/SparseBitSet-1.2.jar:/Users/saritayadav/.m2/repository/org/apache/logging/log4j/log4j-api/2.18.0/log4j-api-2.18.0.jar:/Users/saritayadav/.m2/repository/org/apache/poi/poi-ooxml/5.2.3/poi-ooxml-5.2.3.jar:/Users/saritayadav/.m2/repository/org/apache/poi/poi-ooxml-lite/5.2.3/poi-ooxml-lite-5.2.3.jar:/Users/saritayadav/.m2/repository/org/apache/xmlbeans/xmlbeans/5.1.1/xmlbeans-5.1.1.jar:/Users/saritayadav/.m2/repository/org/apache/commons/commons-compress/1.21/commons-compress-1.21.jar:/Users/saritayadav/.m2/repository/com/github/virtuald/curvesapi/1.07/curvesapi-1.07.jar:/Users/saritayadav/.m2/repository/io/rest-assured/rest-assured/5.4.0/rest-assured-5.4.0.jar:/Users/saritayadav/.m2/repository/org/apache/groovy/groovy/4.0.16/groovy-4.0.16.jar:/Users/saritayadav/.m2/repository/org/apache/groovy/groovy-xml/4.0.16/groovy-xml-4.0.16.jar:/Users/saritayadav/.m2/repository/org/apache/httpcomponents/httpclient/4.5.13/httpclient-4.5.13.jar:/Users/saritayadav/.m2/repository/org/apache/httpcomponents/httpcore/4.4.13/httpcore-4.4.13.jar:/Users/saritayadav/.m2/repository/commons-logging/commons-logging/1.2/commons-logging-1.2.jar:/Users/saritayadav/.m2/repository/commons-codec/commons-codec/1.11/commons-codec-1.11.jar:/Users/saritayadav/.m2/repository/org/apache/httpcomponents/httpmime/4.5.13/httpmime-4.5.13.jar:/Users/saritayadav/.m2/repository/org/hamcrest/hamcrest/2.2/hamcrest-2.2.jar:/Users/saritayadav/.m2/repository/org/ccil/cowan/tagsoup/tagsoup/1.2.1/tagsoup-1.2.1.jar:/Users/saritayadav/.m2/repository/io/rest-assured/json-path/5.4.0/json-path-5.4.0.jar:/Users/saritayadav/.m2/repository/org/apache/groovy/groovy-json/4.0.16/groovy-json-4.0.16.jar:/Users/saritayadav/.m2/repository/io/rest-assured/rest-assured-common/5.4.0/rest-assured-common-5.4.0.jar:/Users/saritayadav/.m2/repository/io/rest-assured/xml-path/5.4.0/xml-path-5.4.0.jar:/Users/saritayadav/.m2/repository/org/apache/commons/commons-lang3/3.11/commons-lang3-3.11.jar:/Users/saritayadav/.m2/repository/com/google/code/gson/gson/2.10.1/gson-2.10.1.jar:"/>
    <property name="sun.cpu.endian" value="little"/>
    <property name="user.home" value="/Users/saritayadav"/>
    <property name="user.language" value="en"/>
    <property name="java.specification.vendor" value="Oracle Corporation"/>
    <property name="java.version.date" value="2024-01-16"/>
    <property name="java.home" value="/Users/saritayadav/.p2/pool/plugins/org.eclipse.justj.openjdk.hotspot.jre.full.macosx.x86_64_17.0.10.v20240120-1143/jre"/>
    <property name="file.separator" value="/"/>
    <property name="style.color" value="always"/>
    <property name="basedir" value="/Users/saritayadav/eclipse-workspace/SogetiAssignment"/>
    <property name="java.vm.compressedOopsMode" value="Zero based"/>
    <property name="line.separator" value="&#10;"/>
    <property name="java.vm.specification.vendor" value="Oracle Corporation"/>
    <property name="java.specification.name" value="Java Platform API Specification"/>
    <property name="surefire.real.class.path" value="/Users/saritayadav/eclipse-workspace/SogetiAssignment/target/surefire/surefirebooter6117843669977616710.jar"/>
    <property name="sun.management.compiler" value="HotSpot 64-Bit Tiered Compilers"/>
    <property name="ftp.nonProxyHosts" value="local|*.local|169.254/16|*.169.254/16"/>
    <property name="java.runtime.version" value="17.0.10+7"/>
    <property name="user.name" value="saritayadav"/>
    <property name="path.separator" value=":"/>
    <property name="os.version" value="12.5.1"/>
    <property name="java.runtime.name" value="OpenJDK Runtime Environment"/>
    <property name="file.encoding" value="UTF-8"/>
    <property name="java.vm.name" value="OpenJDK 64-Bit Server VM"/>
    <property name="java.vendor.version" value="Temurin-17.0.10+7"/>
    <property name="localRepository" value="/Users/saritayadav/.m2/repository"/>
    <property name="java.vendor.url.bug" value="https://github.com/adoptium/adoptium-support/issues"/>
    <property name="java.io.tmpdir" value="/var/folders/9x/wjf2m7wn49x9jc6wkf9169qw0000gn/T/"/>
    <property name="java.version" value="17.0.10"/>
    <property name="user.dir" value="/Users/saritayadav/eclipse-workspace/SogetiAssignment"/>
    <property name="os.arch" value="x86_64"/>
    <property name="java.vm.specification.name" value="Java Virtual Machine Specification"/>
    <property name="native.encoding" value="UTF-8"/>
    <property name="java.library.path" value="/Users/saritayadav/Library/Java/Extensions:/Library/Java/Extensions:/Network/Library/Java/Extensions:/System/Library/Java/Extensions:/usr/lib/java:."/>
    <property name="java.vm.info" value="mixed mode"/>
    <property name="java.vendor" value="Eclipse Adoptium"/>
    <property name="java.vm.version" value="17.0.10+7"/>
    <property name="sun.io.unicode.encoding" value="UnicodeBig"/>
    <property name="socksNonProxyHosts" value="local|*.local|169.254/16|*.169.254/16"/>
    <property name="java.class.version" value="61.0"/>
  </properties>
  <testcase name="User is able to access API and verify country, state and postcode from the response" classname="Sogeti API tests assignment automation" time="2.782"/>
  <testcase name="Verify place name for postal code and for following countries #1" classname="Sogeti API tests assignment automation" time="1.106"/>
  <testcase name="Verify place name for postal code and for following countries #2" classname="Sogeti API tests assignment automation" time="0.287"/>
  <testcase name="Verify place name for postal code and for following countries #3" classname="Sogeti API tests assignment automation" time="0.265"/>
  <testcase name="TestCase1 - verify Services and Automation link" classname="Verify Sogeti UI Application" time="19.224"/>
  <testcase name="TestCase2 - submit contact us form and verify successful message" classname="Verify Sogeti UI Application" time="20.52">
    <error message="element click intercepted: Element &lt;div class=&quot;recaptcha-checkbox-checkmark&quot; role=&quot;presentation&quot;&gt;&lt;/div&gt; is not clickable at point (27, 38). Other element would receive the click: &lt;div class=&quot;recaptcha-checkbox-border&quot; role=&quot;presentation&quot;&gt;&lt;/div&gt;&#10;  (Session info: chrome=123.0.6312.124)&#10;Build info: version: &apos;4.19.1&apos;, revision: &apos;abe0ee07dc&apos;&#10;System info: os.name: &apos;Mac OS X&apos;, os.arch: &apos;x86_64&apos;, os.version: &apos;12.5.1&apos;, java.version: &apos;17.0.10&apos;&#10;Driver info: org.openqa.selenium.chrome.ChromeDriver&#10;Command: [97acf61efc8ffcee911db646264e576a, clickElement {id=f.A2CF327AFAC289D01F98298CE64E44B8.d.B2AC56A38CF283CAC2DAEE0D93D02801.e.4}]&#10;Capabilities {acceptInsecureCerts: false, browserName: chrome, browserVersion: 123.0.6312.124, chrome: {chromedriverVersion: 123.0.6312.122 (31f8248cdd9..., userDataDir: /var/folders/9x/wjf2m7wn49x...}, fedcm:accounts: true, goog:chromeOptions: {debuggerAddress: localhost:51627}, networkConnectionEnabled: false, pageLoadStrategy: normal, platformName: mac, proxy: Proxy(), se:cdp: ws://localhost:51627/devtoo..., se:cdpVersion: 123.0.6312.124, setWindowRect: true, strictFileInteractability: false, timeouts: {implicit: 0, pageLoad: 300000, script: 30000}, unhandledPromptBehavior: dismiss and notify, webauthn:extension:credBlob: true, webauthn:extension:largeBlob: true, webauthn:extension:minPinLength: true, webauthn:extension:prf: true, webauthn:virtualAuthenticators: true}&#10;Element: [[ChromeDriver: chrome on mac (97acf61efc8ffcee911db646264e576a)] -&gt; css selector: div.recaptcha-checkbox-checkmark]&#10;Session ID: 97acf61efc8ffcee911db646264e576a" type="org.openqa.selenium.ElementClickInterceptedException"><![CDATA[org.openqa.selenium.ElementClickInterceptedException: 
element click intercepted: Element <div class="recaptcha-checkbox-checkmark" role="presentation"></div> is not clickable at point (27, 38). Other element would receive the click: <div class="recaptcha-checkbox-border" role="presentation"></div>
  (Session info: chrome=123.0.6312.124)
Build info: version: '4.19.1', revision: 'abe0ee07dc'
System info: os.name: 'Mac OS X', os.arch: 'x86_64', os.version: '12.5.1', java.version: '17.0.10'
Driver info: org.openqa.selenium.chrome.ChromeDriver
Command: [97acf61efc8ffcee911db646264e576a, clickElement {id=f.A2CF327AFAC289D01F98298CE64E44B8.d.B2AC56A38CF283CAC2DAEE0D93D02801.e.4}]
Capabilities {acceptInsecureCerts: false, browserName: chrome, browserVersion: 123.0.6312.124, chrome: {chromedriverVersion: 123.0.6312.122 (31f8248cdd9..., userDataDir: /var/folders/9x/wjf2m7wn49x...}, fedcm:accounts: true, goog:chromeOptions: {debuggerAddress: localhost:51627}, networkConnectionEnabled: false, pageLoadStrategy: normal, platformName: mac, proxy: Proxy(), se:cdp: ws://localhost:51627/devtoo..., se:cdpVersion: 123.0.6312.124, setWindowRect: true, strictFileInteractability: false, timeouts: {implicit: 0, pageLoad: 300000, script: 30000}, unhandledPromptBehavior: dismiss and notify, webauthn:extension:credBlob: true, webauthn:extension:largeBlob: true, webauthn:extension:minPinLength: true, webauthn:extension:prf: true, webauthn:virtualAuthenticators: true}
Element: [[ChromeDriver: chrome on mac (97acf61efc8ffcee911db646264e576a)] -> css selector: div.recaptcha-checkbox-checkmark]
Session ID: 97acf61efc8ffcee911db646264e576a
]]></error>
    <system-out><![CDATA[
@uiautomation @scenario2ui
Scenario: TestCase2 - submit contact us form and verify successful message               # src/test/java/features/UIAutomation.feature:14
2024-04-17  00:20:02-main[ mainid]  INFO  Driver:16 - Utils.Driver--------------Initialise Driver--------------
	2024-04-17  00:20:02-main[ mainid]  INFO  DriverFactory:16 - class java.lang.Class--------------Initialise Driver----------------
	2024-04-17  00:20:13-main[ mainid]  INFO  Homepage:59 - Sogeti logo is displayed, URL is navigating correctly.
	  Given User is on Sogeti Homepage                                                       # stefDefs.UIAutomation.user_is_on_sogeti_homepage()
  When User clicks Automation Link                                                       # stefDefs.UIAutomation.user_clicks_automation_link()
  And User submit contact us form with country "Argentina"                               # stefDefs.UIAutomation.user_submit_contact_us_form_with_country(java.lang.String)
      org.openqa.selenium.ElementClickInterceptedException: element click intercepted: Element <div class="recaptcha-checkbox-checkmark" role="presentation"></div> is not clickable at point (27, 38). Other element would receive the click: <div class="recaptcha-checkbox-border" role="presentation"></div>
  (Session info: chrome=123.0.6312.124)
Build info: version: '4.19.1', revision: 'abe0ee07dc'
System info: os.name: 'Mac OS X', os.arch: 'x86_64', os.version: '12.5.1', java.version: '17.0.10'
Driver info: org.openqa.selenium.chrome.ChromeDriver
Command: [97acf61efc8ffcee911db646264e576a, clickElement {id=f.A2CF327AFAC289D01F98298CE64E44B8.d.B2AC56A38CF283CAC2DAEE0D93D02801.e.4}]
Capabilities {acceptInsecureCerts: false, browserName: chrome, browserVersion: 123.0.6312.124, chrome: {chromedriverVersion: 123.0.6312.122 (31f8248cdd9..., userDataDir: /var/folders/9x/wjf2m7wn49x...}, fedcm:accounts: true, goog:chromeOptions: {debuggerAddress: localhost:51627}, networkConnectionEnabled: false, pageLoadStrategy: normal, platformName: mac, proxy: Proxy(), se:cdp: ws://localhost:51627/devtoo..., se:cdpVersion: 123.0.6312.124, setWindowRect: true, strictFileInteractability: false, timeouts: {implicit: 0, pageLoad: 300000, script: 30000}, unhandledPromptBehavior: dismiss and notify, webauthn:extension:credBlob: true, webauthn:extension:largeBlob: true, webauthn:extension:minPinLength: true, webauthn:extension:prf: true, webauthn:virtualAuthenticators: true}
Element: [[ChromeDriver: chrome on mac (97acf61efc8ffcee911db646264e576a)] -> css selector: div.recaptcha-checkbox-checkmark]
Session ID: 97acf61efc8ffcee911db646264e576a
	at java.base/jdk.internal.reflect.NativeConstructorAccessorImpl.newInstance0(Native Method)
	at java.base/jdk.internal.reflect.NativeConstructorAccessorImpl.newInstance(NativeConstructorAccessorImpl.java:77)
	at java.base/jdk.internal.reflect.DelegatingConstructorAccessorImpl.newInstance(DelegatingConstructorAccessorImpl.java:45)
	at java.base/java.lang.reflect.Constructor.newInstanceWithCaller(Constructor.java:499)
	at java.base/java.lang.reflect.Constructor.newInstance(Constructor.java:480)
	at org.openqa.selenium.remote.ErrorCodec.decode(ErrorCodec.java:167)
	at org.openqa.selenium.remote.codec.w3c.W3CHttpResponseCodec.decode(W3CHttpResponseCodec.java:138)
	at org.openqa.selenium.remote.codec.w3c.W3CHttpResponseCodec.decode(W3CHttpResponseCodec.java:50)
	at org.openqa.selenium.remote.HttpCommandExecutor.execute(HttpCommandExecutor.java:190)
	at org.openqa.selenium.remote.service.DriverCommandExecutor.invokeExecute(DriverCommandExecutor.java:216)
	at org.openqa.selenium.remote.service.DriverCommandExecutor.execute(DriverCommandExecutor.java:174)
	at org.openqa.selenium.remote.RemoteWebDriver.execute(RemoteWebDriver.java:518)
	at org.openqa.selenium.remote.RemoteWebElement.execute(RemoteWebElement.java:223)
	at org.openqa.selenium.remote.RemoteWebElement.click(RemoteWebElement.java:76)
	at Pages.Automation.fillcontactform(Automation.java:122)
	at stefDefs.UIAutomation.user_submit_contact_us_form_with_country(UIAutomation.java:31)
	at ✽.User submit contact us form with country "Argentina"(file:///Users/saritayadav/eclipse-workspace/SogetiAssignment/src/test/java/features/UIAutomation.feature:16)

  Then User should be able to verify thank you message as "Thank you for contacting us."

    Embedding TestCase2 - submit contact us form and verify successful message [image/png 100700 bytes]

2024-04-17  00:20:22-main[ mainid]  INFO  Driver:33 - Utils.Driver------------Close Driver--------------
	2024-04-17  00:20:22-main[ mainid]  INFO  DriverFactory:35 - ---------------Driver Closed--------------
	]]></system-out>
  </testcase>
  <testcase name="TestCase3 - Verify all country links under Worldwide are working" classname="Verify Sogeti UI Application" time="35.252">
    <error message="no such execution context&#10;  (Session info: chrome=123.0.6312.124)&#10;Build info: version: &apos;4.19.1&apos;, revision: &apos;abe0ee07dc&apos;&#10;System info: os.name: &apos;Mac OS X&apos;, os.arch: &apos;x86_64&apos;, os.version: &apos;12.5.1&apos;, java.version: &apos;17.0.10&apos;&#10;Driver info: org.openqa.selenium.chrome.ChromeDriver&#10;Command: [9c189704c1f507e790ff57cf8dda70f6, getCurrentUrl {}]&#10;Capabilities {acceptInsecureCerts: false, browserName: chrome, browserVersion: 123.0.6312.124, chrome: {chromedriverVersion: 123.0.6312.122 (31f8248cdd9..., userDataDir: /var/folders/9x/wjf2m7wn49x...}, fedcm:accounts: true, goog:chromeOptions: {debuggerAddress: localhost:51754}, networkConnectionEnabled: false, pageLoadStrategy: normal, platformName: mac, proxy: Proxy(), se:cdp: ws://localhost:51754/devtoo..., se:cdpVersion: 123.0.6312.124, setWindowRect: true, strictFileInteractability: false, timeouts: {implicit: 0, pageLoad: 300000, script: 30000}, unhandledPromptBehavior: dismiss and notify, webauthn:extension:credBlob: true, webauthn:extension:largeBlob: true, webauthn:extension:minPinLength: true, webauthn:extension:prf: true, webauthn:virtualAuthenticators: true}&#10;Session ID: 9c189704c1f507e790ff57cf8dda70f6" type="org.openqa.selenium.WebDriverException">org.openqa.selenium.WebDriverException: 
no such execution context
  (Session info: chrome=123.0.6312.124)
Build info: version: '4.19.1', revision: 'abe0ee07dc'
System info: os.name: 'Mac OS X', os.arch: 'x86_64', os.version: '12.5.1', java.version: '17.0.10'
Driver info: org.openqa.selenium.chrome.ChromeDriver
Command: [9c189704c1f507e790ff57cf8dda70f6, getCurrentUrl {}]
Capabilities {acceptInsecureCerts: false, browserName: chrome, browserVersion: 123.0.6312.124, chrome: {chromedriverVersion: 123.0.6312.122 (31f8248cdd9..., userDataDir: /var/folders/9x/wjf2m7wn49x...}, fedcm:accounts: true, goog:chromeOptions: {debuggerAddress: localhost:51754}, networkConnectionEnabled: false, pageLoadStrategy: normal, platformName: mac, proxy: Proxy(), se:cdp: ws://localhost:51754/devtoo..., se:cdpVersion: 123.0.6312.124, setWindowRect: true, strictFileInteractability: false, timeouts: {implicit: 0, pageLoad: 300000, script: 30000}, unhandledPromptBehavior: dismiss and notify, webauthn:extension:credBlob: true, webauthn:extension:largeBlob: true, webauthn:extension:minPinLength: true, webauthn:extension:prf: true, webauthn:virtualAuthenticators: true}
Session ID: 9c189704c1f507e790ff57cf8dda70f6
</error>
    <system-out><![CDATA[
@uiautomation @scenario3ui
Scenario: TestCase3 - Verify all country links under Worldwide are working # src/test/java/features/UIAutomation.feature:20
2024-04-17  00:20:22-main[ mainid]  INFO  Driver:16 - Utils.Driver--------------Initialise Driver--------------
	2024-04-17  00:20:22-main[ mainid]  INFO  DriverFactory:16 - class java.lang.Class--------------Initialise Driver----------------
	2024-04-17  00:20:32-main[ mainid]  INFO  Homepage:59 - Sogeti logo is displayed, URL is navigating correctly.
	  Given User is on Sogeti Homepage                                         # stefDefs.UIAutomation.user_is_on_sogeti_homepage()
  When user clicks Worldwide Link                                          # stefDefs.UIAutomation.user_clicks_worldwide_link()
2024-04-17  00:20:35-main[ mainid]  INFO  Homepage:108 - No. of countries in list are:12
	2024-04-17  00:20:35-main[ mainid]  INFO  Homepage:110 - -------Verifying link for Country  BELGIUM-------
	2024-04-17  00:20:40-main[ mainid]  INFO  Homepage:114 - -------Verification for Country  BELGIUM link is successful-------
	2024-04-17  00:20:40-main[ mainid]  INFO  Homepage:110 - -------Verifying link for Country  FINLAND-------
	2024-04-17  00:20:45-main[ mainid]  INFO  Homepage:114 - -------Verification for Country  FINLAND link is successful-------
	2024-04-17  00:20:45-main[ mainid]  INFO  Homepage:110 - -------Verifying link for Country  FRANCE-------
	2024-04-17  00:20:52-main[ mainid]  INFO  Homepage:114 - -------Verification for Country  FRANCE link is successful-------
	2024-04-17  00:20:52-main[ mainid]  INFO  Homepage:110 - -------Verifying link for Country  GERMANY-------
	  And select the country                                                   # stefDefs.UIAutomation.select_the_country()
      org.openqa.selenium.WebDriverException: no such execution context
  (Session info: chrome=123.0.6312.124)
Build info: version: '4.19.1', revision: 'abe0ee07dc'
System info: os.name: 'Mac OS X', os.arch: 'x86_64', os.version: '12.5.1', java.version: '17.0.10'
Driver info: org.openqa.selenium.chrome.ChromeDriver
Command: [9c189704c1f507e790ff57cf8dda70f6, getCurrentUrl {}]
Capabilities {acceptInsecureCerts: false, browserName: chrome, browserVersion: 123.0.6312.124, chrome: {chromedriverVersion: 123.0.6312.122 (31f8248cdd9..., userDataDir: /var/folders/9x/wjf2m7wn49x...}, fedcm:accounts: true, goog:chromeOptions: {debuggerAddress: localhost:51754}, networkConnectionEnabled: false, pageLoadStrategy: normal, platformName: mac, proxy: Proxy(), se:cdp: ws://localhost:51754/devtoo..., se:cdpVersion: 123.0.6312.124, setWindowRect: true, strictFileInteractability: false, timeouts: {implicit: 0, pageLoad: 300000, script: 30000}, unhandledPromptBehavior: dismiss and notify, webauthn:extension:credBlob: true, webauthn:extension:largeBlob: true, webauthn:extension:minPinLength: true, webauthn:extension:prf: true, webauthn:virtualAuthenticators: true}
Session ID: 9c189704c1f507e790ff57cf8dda70f6
	at java.base/jdk.internal.reflect.NativeConstructorAccessorImpl.newInstance0(Native Method)
	at java.base/jdk.internal.reflect.NativeConstructorAccessorImpl.newInstance(NativeConstructorAccessorImpl.java:77)
	at java.base/jdk.internal.reflect.DelegatingConstructorAccessorImpl.newInstance(DelegatingConstructorAccessorImpl.java:45)
	at java.base/java.lang.reflect.Constructor.newInstanceWithCaller(Constructor.java:499)
	at java.base/java.lang.reflect.Constructor.newInstance(Constructor.java:480)
	at org.openqa.selenium.remote.ErrorCodec.decode(ErrorCodec.java:167)
	at org.openqa.selenium.remote.codec.w3c.W3CHttpResponseCodec.decode(W3CHttpResponseCodec.java:138)
	at org.openqa.selenium.remote.codec.w3c.W3CHttpResponseCodec.decode(W3CHttpResponseCodec.java:50)
	at org.openqa.selenium.remote.HttpCommandExecutor.execute(HttpCommandExecutor.java:190)
	at org.openqa.selenium.remote.service.DriverCommandExecutor.invokeExecute(DriverCommandExecutor.java:216)
	at org.openqa.selenium.remote.service.DriverCommandExecutor.execute(DriverCommandExecutor.java:174)
	at org.openqa.selenium.remote.RemoteWebDriver.execute(RemoteWebDriver.java:518)
	at org.openqa.selenium.remote.RemoteWebDriver.execute(RemoteWebDriver.java:591)
	at org.openqa.selenium.remote.RemoteWebDriver.execute(RemoteWebDriver.java:595)
	at org.openqa.selenium.remote.RemoteWebDriver.getCurrentUrl(RemoteWebDriver.java:312)
	at Pages.Homepage.verifyCountryLinksOnDiffPage(Homepage.java:88)
	at Pages.Homepage.verifyCountryLinks(Homepage.java:113)
	at stefDefs.UIAutomation.select_the_country(UIAutomation.java:58)
	at ✽.select the country(file:///Users/saritayadav/eclipse-workspace/SogetiAssignment/src/test/java/features/UIAutomation.feature:22)

  Then User should be navigated to specific country link                   # stefDefs.UIAutomation.user_should_be_navigated_to_specific_country_link()

    Embedding TestCase3 - Verify all country links under Worldwide are working [image/png 473130 bytes]

2024-04-17  00:20:57-main[ mainid]  INFO  Driver:33 - Utils.Driver------------Close Driver--------------
	2024-04-17  00:20:58-main[ mainid]  INFO  DriverFactory:35 - ---------------Driver Closed--------------
	]]></system-out>
  </testcase>
</testsuite>